<?xml version="1.0" encoding="UTF-8"?>
<!-- Generated by org.testng.reporters.JUnitReportReporter -->
<testsuite hostname="ISAJUDEH" failures="0" tests="2" name="com.qacart.todo.testcases.TodoTest" time="14.232" errors="0" timestamp="2023-05-25T18:39:38 EEST" skipped="0">
  <testcase classname="com.qacart.todo.testcases.TodoTest" name="ShouldBeAbleToAddNewToDo" time="7.208"/>
  <system-out/>
  <testcase classname="com.qacart.todo.testcases.TodoTest" name="ShouldBeAbleToDeleteTodo" time="7.024"/>
  <system-out/>
</testsuite> <!-- com.qacart.todo.testcases.TodoTest -->
